/var/spool/slurmd/job4850287/slurm_script: line 21: nvcc: command not found
/MAHTI_TYKKY_NoejaWK/miniforge/envs/env1/lib/python3.8/site-packages/torch/distributed/launch.py:208: FutureWarning: The module torch.distributed.launch is deprecated
and will be removed in future. Use torchrun.
Note that --use-env is set by default in torchrun.
If your script expects `--local-rank` argument to be set, please
change it to read from `os.environ['LOCAL_RANK']` instead. See 
https://pytorch.org/docs/stable/distributed.html#launch-utility for 
further instructions

  main()
W0724 15:12:11.260823 140736413464384 torch/distributed/run.py:779] 
W0724 15:12:11.260823 140736413464384 torch/distributed/run.py:779] *****************************************
W0724 15:12:11.260823 140736413464384 torch/distributed/run.py:779] Setting OMP_NUM_THREADS environment variable for each process to be 1 in default, to avoid your system being overloaded, please further tune the variable for optimal performance in your application as needed. 
W0724 15:12:11.260823 140736413464384 torch/distributed/run.py:779] *****************************************
/MAHTI_TYKKY_NoejaWK/miniforge/envs/env1/lib/python3.8/site-packages/torchvision/io/image.py:11: UserWarning: Failed to load image Python extension: libtorch_cuda_cu.so: cannot open shared object file: No such file or directory
  warn(f"Failed to load image Python extension: {e}")
/MAHTI_TYKKY_NoejaWK/miniforge/envs/env1/lib/python3.8/site-packages/torchvision/io/image.py:11: UserWarning: Failed to load image Python extension: libtorch_cuda_cu.so: cannot open shared object file: No such file or directory
  warn(f"Failed to load image Python extension: {e}")
/MAHTI_TYKKY_NoejaWK/miniforge/envs/env1/lib/python3.8/site-packages/torch/nn/modules/transformer.py:307: UserWarning: enable_nested_tensor is True, but self.use_nested_tensor is False because encoder_layer.norm_first was True
  warnings.warn(f"enable_nested_tensor is True, but self.use_nested_tensor is False because {why_not_sparsity_fast_path}")
/MAHTI_TYKKY_NoejaWK/miniforge/envs/env1/lib/python3.8/site-packages/torch/nn/modules/transformer.py:307: UserWarning: enable_nested_tensor is True, but self.use_nested_tensor is False because encoder_layer.norm_first was True
  warnings.warn(f"enable_nested_tensor is True, but self.use_nested_tensor is False because {why_not_sparsity_fast_path}")
wandb: Currently logged in as: ni-eminen (matias_) to https://api.wandb.ai. Use `wandb login --relogin` to force relogin
wandb: Tracking run with wandb version 0.21.0
wandb: Run data is saved locally in ./checkpoint/savi_bev_params_test/models/wandb/run-20250724_151219-savi_bev_params_test-4850287
wandb: Run `wandb offline` to turn off syncing.
wandb: Syncing run savi_bev_params_test-4850287
wandb: ⭐️ View project at https://wandb.ai/matias_/SlotFormer
wandb: 🚀 View run at https://wandb.ai/matias_/SlotFormer/runs/savi_bev_params_test-4850287
/projappl/project_2014099/new-slotformer-bev/nerv/nerv/training/method.py:148: FutureWarning: `torch.cuda.amp.GradScaler(args...)` is deprecated. Please use `torch.amp.GradScaler('cuda', args...)` instead.
  self.grad_scaler = torch.cuda.amp.GradScaler()
/projappl/project_2014099/new-slotformer-bev/nerv/nerv/training/method.py:148: FutureWarning: `torch.cuda.amp.GradScaler(args...)` is deprecated. Please use `torch.amp.GradScaler('cuda', args...)` instead.
  self.grad_scaler = torch.cuda.amp.GradScaler()
/projappl/project_2014099/new-slotformer-bev/nerv/nerv/training/method.py:646: FutureWarning: You are using `torch.load` with `weights_only=False` (the current default value), which uses the default pickle module implicitly. It is possible to construct malicious pickle data which will execute arbitrary code during unpickling (See https://github.com/pytorch/pytorch/blob/main/SECURITY.md#untrusted-models for more details). In a future release, the default value for `weights_only` will be flipped to `True`. This limits the functions that could be executed during unpickling. Arbitrary objects will no longer be allowed to be loaded via this mode unless they are explicitly allowlisted by the user via `torch.serialization.add_safe_globals`. We recommend you start setting `weights_only=True` for any use case where you don't have full control of the loaded file. Please open an issue on GitHub for any issues related to this experimental feature.
  ckp = torch.load(ckp_path, map_location='cpu')
/projappl/project_2014099/new-slotformer-bev/nerv/nerv/training/method.py:646: FutureWarning: You are using `torch.load` with `weights_only=False` (the current default value), which uses the default pickle module implicitly. It is possible to construct malicious pickle data which will execute arbitrary code during unpickling (See https://github.com/pytorch/pytorch/blob/main/SECURITY.md#untrusted-models for more details). In a future release, the default value for `weights_only` will be flipped to `True`. This limits the functions that could be executed during unpickling. Arbitrary objects will no longer be allowed to be loaded via this mode unless they are explicitly allowlisted by the user via `torch.serialization.add_safe_globals`. We recommend you start setting `weights_only=True` for any use case where you don't have full control of the loaded file. Please open an issue on GitHub for any issues related to this experimental feature.
  ckp = torch.load(ckp_path, map_location='cpu')
Eval epoch 50, rank 1:   0%|          | 0/1 [00:00<?, ?it/s]Eval epoch 50, rank 0:   0%|          | 0/1 [00:00<?, ?it/s]/projappl/project_2014099/new-slotformer-bev/slotformer/bev_slots/models/savi.py:100: FutureWarning: `torch.cuda.amp.autocast(args...)` is deprecated. Please use `torch.amp.autocast('cuda', args...)` instead.
  with torch.cuda.amp.autocast(enabled=False, dtype=torch.float16):
/projappl/project_2014099/new-slotformer-bev/slotformer/bev_slots/models/savi.py:100: FutureWarning: `torch.cuda.amp.autocast(args...)` is deprecated. Please use `torch.amp.autocast('cuda', args...)` instead.
  with torch.cuda.amp.autocast(enabled=False, dtype=torch.float16):
Eval epoch 50, rank 0: 100%|██████████| 1/1 [00:09<00:00,  9.47s/it]Eval epoch 50, rank 1: 100%|██████████| 1/1 [00:09<00:00,  9.47s/it]Eval epoch 50, rank 1: 100%|██████████| 1/1 [00:09<00:00,  9.47s/it]
Eval epoch 50, rank 0: 100%|██████████| 1/1 [00:09<00:00,  9.47s/it]
